        -:    0:Source:E:/LETI/1_kurs/prog/second_sem/untitled1/main.cpp
        -:    0:Graph:E:\LETI\1_kurs\prog\second_sem\untitled1\cmake-build-debug-coverage\CMakeFiles\untitled1.dir\main.cpp.gcno
        -:    0:Data:E:\LETI\1_kurs\prog\second_sem\untitled1\cmake-build-debug-coverage\CMakeFiles\untitled1.dir\main.cpp.gcda
        -:    0:Runs:1
        -:    1:#include <iostream>
        -:    2:#include <locale.h>
        -:    3:#include <windows.h>
        -:    4:using namespace std;
        -:    5:
        -:    6:struct Student{
        -:    7:    string SNP;
        -:    8:    int group;
        -:    9:    int marks[5];
        -:   10:    int grant;
        -:   11:    Student* next;
        -:   12:    Student* prev;
        -:   13:};
        -:   14:
        -:   15:
function _Z5printP7StudentNSt7__cxx1112basic_stringIcSt11char_traitsIcESaIcEEE called 0 returned 0% blocks executed 0%
    #####:   16:void print(Student*p, string a){
    #####:   17:    cout<<"ФИО: "<<p->SNP<<a<<"Номер группы: "<<p->group<<a<<"Оценки за семестр: ";
    %%%%%:   17-block  0
call    0 never executed
call    1 never executed
call    2 never executed
call    3 never executed
call    4 never executed
call    5 never executed
call    6 never executed
    #####:   18:    for(int mark : p->marks){
    %%%%%:   18-block  0
branch  0 never executed
branch  1 never executed
    #####:   19:        cout<<mark<<' ';
    %%%%%:   19-block  0
call    0 never executed
call    1 never executed
        -:   20:    }
    #####:   21:    cout<<a<<"Размер стипендии: "<<p->grant<<endl;
    %%%%%:   21-block  0
call    0 never executed
call    1 never executed
call    2 never executed
call    3 never executed
    #####:   22:}
        -:   23:
function _Z4pushRP7StudentiiRKNSt7__cxx1112basic_stringIcSt11char_traitsIcESaIcEEEPii called 0 returned 0% blocks executed 0%
    #####:   24:void push(Student*&Back, int group, int grant, const string& name,  int ms[],int n){
        -:   25:    Student *p;
        -:   26:
    #####:   27:    if (n==1){
    %%%%%:   27-block  0
branch  0 never executed
branch  1 never executed
    #####:   28:        Back->SNP = name;
    %%%%%:   28-block  0
call    0 never executed
    #####:   29:        Back->group = group;
    #####:   30:        Back->grant = grant;
    #####:   31:        for (int i =0; i<5;i++){
    %%%%%:   31-block  0
branch  0 never executed
branch  1 never executed
    #####:   32:            Back->marks[i] = ms[i];
    %%%%%:   32-block  0
        -:   33:        }
        -:   34:    }
        -:   35:    else{
    #####:   36:        Back->next = p = new Student;
    %%%%%:   36-block  0
call    0 never executed
call    1 never executed
    #####:   37:        p->SNP = name;
call    0 never executed
    #####:   38:        p->group = group;
    #####:   39:        p->grant = grant;
    #####:   40:        for (int i =0; i<5;i++){
    %%%%%:   40-block  0
branch  0 never executed
branch  1 never executed
    #####:   41:            p->marks[i] = ms[i];
    %%%%%:   41-block  0
        -:   42:        }
    #####:   43:        p->prev = Back;
    #####:   44:        Back = p;
    %%%%%:   44-block  0
        -:   45:    }
    #####:   46:}
function _Z11del_studentRP7Student called 0 returned 0% blocks executed 0%
    #####:   47:void del_student(Student*&p){
    #####:   48:    if (p->next == nullptr){
    %%%%%:   48-block  0
branch  0 never executed
branch  1 never executed
    #####:   49:        p = p->prev;
    #####:   50:        delete p->next;
    %%%%%:   50-block  0
branch  0 never executed
branch  1 never executed
    %%%%%:   50-block  1
call    2 never executed
call    3 never executed
    #####:   51:        p->next = nullptr;
    %%%%%:   51-block  0
        -:   52:    }
    #####:   53:    else if(p->prev == nullptr){
    %%%%%:   53-block  0
branch  0 never executed
branch  1 never executed
    #####:   54:        p = p->next;
    #####:   55:        delete p->prev;
    %%%%%:   55-block  0
branch  0 never executed
branch  1 never executed
    %%%%%:   55-block  1
call    2 never executed
call    3 never executed
    #####:   56:        p->prev = nullptr;
    %%%%%:   56-block  0
        -:   57:
        -:   58:    }
        -:   59:    else{
    #####:   60:        p->prev->next = p->next;
    #####:   61:        p->next->prev = p->prev;
    #####:   62:        delete p;
    %%%%%:   62-block  0
branch  0 never executed
branch  1 never executed
    %%%%%:   62-block  1
call    2 never executed
call    3 never executed
        -:   63:    }
        -:   64:
        -:   65:
        -:   66:
    #####:   67:}
function _Z9make_nameB5cxx11v called 1 returned 0% blocks executed 14%
        1:   68:string make_name(){
        1:   69:    string name,surname,patronymic;
        1:   69-block  0
call    0 returned 1
call    1 returned 1
call    2 returned 1
        1:   70:    cin >> surname;
call    0 returned 0
branch  1 taken 0 (fallthrough)
branch  2 taken 0 (throw)
    #####:   71:    cin >> name;
    %%%%%:   71-block  0
call    0 never executed
branch  1 never executed
branch  2 never executed
    #####:   72:    cin >> patronymic;
    %%%%%:   72-block  0
call    0 never executed
branch  1 never executed
branch  2 never executed
    #####:   73:    surname=surname+" "+name+" "+patronymic;
    %%%%%:   73-block  0
call    0 never executed
branch  1 never executed
branch  2 never executed
    %%%%%:   73-block  1
call    3 never executed
branch  4 never executed
branch  5 never executed
    %%%%%:   73-block  2
call    6 never executed
branch  7 never executed
branch  8 never executed
    %%%%%:   73-block  3
call    9 never executed
branch 10 never executed
branch 11 never executed
    %%%%%:   73-block  4
call   12 never executed
call   13 never executed
call   14 never executed
call   15 never executed
call   16 never executed
    $$$$$:   73-block  5
call   17 never executed
    $$$$$:   73-block  6
    $$$$$:   73-block  7
call   18 never executed
    $$$$$:   73-block  8
    $$$$$:   73-block  9
call   19 never executed
    $$$$$:   73-block 10
    #####:   74:    return surname;
    %%%%%:   74-block  0
    #####:   75:}
    %%%%%:   75-block  0
call    0 never executed
call    1 never executed
    $$$$$:   75-block  1
call    2 never executed
    $$$$$:   75-block  2
call    3 never executed
    $$$$$:   75-block  3
call    4 never executed
function _Z13console_inputRP7Student called 1 returned 0% blocks executed 17%
        1:   76:void console_input(Student*&Back){
        1:   77:    int x=1, group, grant,n=1;
        -:   78:    int ms[5];
        1:   79:    string full_name;
        1:   79-block  0
call    0 returned 1
        -:   80:
        -:   81:    while(true) {
        -:   82:
        1:   83:        cout << "ФИО: ";
        1:   83-block  0
call    0 returned 1
branch  1 taken 1 (fallthrough)
branch  2 taken 0 (throw)
       1*:   84:        full_name=make_name();
        1:   84-block  0
call    0 returned 0
branch  1 taken 0 (fallthrough)
branch  2 taken 0 (throw)
    %%%%%:   84-block  1
call    3 never executed
call    4 never executed
        -:   85:
    #####:   86:        cout << "Номер группы: ";
call    0 never executed
branch  1 never executed
branch  2 never executed
    #####:   87:        cin >> group;
    %%%%%:   87-block  0
call    0 never executed
branch  1 never executed
branch  2 never executed
        -:   88:
    #####:   89:        cout << "Оценки за семестр: ";
    %%%%%:   89-block  0
call    0 never executed
branch  1 never executed
branch  2 never executed
    #####:   90:        for (int i = 0; i<5;i++){
    %%%%%:   90-block  0
    %%%%%:   90-block  1
    %%%%%:   90-block  2
branch  0 never executed
branch  1 never executed
    #####:   91:            cin>>ms[i];
    %%%%%:   91-block  0
call    0 never executed
branch  1 never executed
branch  2 never executed
        -:   92:        }
    #####:   93:        cout<<"Размер стипендии: ";
    %%%%%:   93-block  0
call    0 never executed
branch  1 never executed
branch  2 never executed
    #####:   94:        cin>> grant;
    %%%%%:   94-block  0
call    0 never executed
branch  1 never executed
branch  2 never executed
        -:   95:
        -:   96:
        -:   97:
    #####:   98:        push(Back, group, grant,full_name,ms,n);
    %%%%%:   98-block  0
call    0 never executed
branch  1 never executed
branch  2 never executed
        -:   99:
    #####:  100:        cin>>x;
    %%%%%:  100-block  0
call    0 never executed
branch  1 never executed
branch  2 never executed
    #####:  101:        if (x == 0){
    %%%%%:  101-block  0
branch  0 never executed
branch  1 never executed
    #####:  102:            break;
    %%%%%:  102-block  0
        -:  103:        }
        -:  104:
        -:  105:
    #####:  106:        n++;
    #####:  107:    }
    %%%%%:  107-block  0
    #####:  108:}
    %%%%%:  108-block  0
call    0 never executed
    $$$$$:  108-block  1
call    1 never executed
        -:  109:
function _Z14console_outputP7Student called 0 returned 0% blocks executed 0%
    #####:  110:void console_output(Student*Top){
        -:  111:    Student *p;
    #####:  112:    string sep = ", ";
    %%%%%:  112-block  0
call    0 never executed
call    1 never executed
branch  2 never executed
branch  3 never executed
    $$$$$:  112-block  1
    #####:  113:    p = Top;
    #####:  114:    while(p){
    %%%%%:  114-block  0
branch  0 never executed
branch  1 never executed
    #####:  115:        print(p,sep);
    %%%%%:  115-block  0
call    0 never executed
branch  1 never executed
branch  2 never executed
    %%%%%:  115-block  1
call    3 never executed
branch  4 never executed
branch  5 never executed
    %%%%%:  115-block  2
call    6 never executed
    $$$$$:  115-block  3
call    7 never executed
    $$$$$:  115-block  4
    #####:  116:        p = p->next;
        -:  117:    }
    #####:  118:}
    %%%%%:  118-block  0
call    0 never executed
    $$$$$:  118-block  1
call    1 never executed
        -:  119:
        -:  120:
function main called 1 returned 0% blocks executed 10%
        1:  121:int main() {
        1:  122:    system("chcp 65001");
        1:  122-block  0
call    0 returned 1
branch  1 taken 1 (fallthrough)
branch  2 taken 0 (throw)
        -:  123:    Student *Top,*Back,*p,*h;
        1:  124:    int x=1, group, grant,n=1, choice;
        -:  125:    int ms[5];
        1:  126:    string full_name,sep;
        1:  126-block  0
call    0 returned 1
call    1 returned 1
        -:  127:
        -:  128:
        1:  129:    setlocale(LC_ALL, "Russian");
call    0 returned 1
        1:  130:    Top = Back = new Student;
call    0 returned 1
branch  1 taken 1 (fallthrough)
branch  2 taken 0 (throw)
        1:  130-block  0
call    3 returned 1
        1:  131:    Top->next = Top->prev = nullptr;
        -:  132:
        1:  133:    console_input(Back);
call    0 returned 0
branch  1 taken 0 (fallthrough)
branch  2 taken 0 (throw)
    #####:  134:    console_output(Top);
    %%%%%:  134-block  0
call    0 never executed
branch  1 never executed
branch  2 never executed
        -:  135:
    #####:  136:    cout<<"Введите ФИО студента и номер его группы"<<endl;
    %%%%%:  136-block  0
call    0 never executed
branch  1 never executed
branch  2 never executed
    %%%%%:  136-block  1
call    3 never executed
branch  4 never executed
branch  5 never executed
    #####:  137:    full_name = make_name();
    %%%%%:  137-block  0
call    0 never executed
branch  1 never executed
branch  2 never executed
    %%%%%:  137-block  1
call    3 never executed
call    4 never executed
    #####:  138:    cin>>group;
call    0 never executed
branch  1 never executed
branch  2 never executed
        -:  139:
    #####:  140:    p = Top;
    #####:  141:    while (p){
    %%%%%:  141-block  0
    %%%%%:  141-block  1
branch  0 never executed
branch  1 never executed
    #####:  142:        if ( p->SNP == full_name && p->group  ){
    %%%%%:  142-block  0
call    0 never executed
branch  1 never executed
branch  2 never executed
    %%%%%:  142-block  1
branch  3 never executed
branch  4 never executed
    %%%%%:  142-block  2
    %%%%%:  142-block  3
    %%%%%:  142-block  4
branch  5 never executed
branch  6 never executed
    #####:  143:            sep = " \n";
    %%%%%:  143-block  0
call    0 never executed
branch  1 never executed
branch  2 never executed
    #####:  144:            cout<<"студент найден!\n"<<endl;
    %%%%%:  144-block  0
call    0 never executed
branch  1 never executed
branch  2 never executed
    %%%%%:  144-block  1
call    3 never executed
branch  4 never executed
branch  5 never executed
    #####:  145:            cout<<"ДАННЫЕ СТУДЕНТА"<<endl;
    %%%%%:  145-block  0
call    0 never executed
branch  1 never executed
branch  2 never executed
    %%%%%:  145-block  1
call    3 never executed
branch  4 never executed
branch  5 never executed
    #####:  146:            print(p, sep);
    %%%%%:  146-block  0
call    0 never executed
branch  1 never executed
branch  2 never executed
    %%%%%:  146-block  1
call    3 never executed
branch  4 never executed
branch  5 never executed
    %%%%%:  146-block  2
call    6 never executed
    $$$$$:  146-block  3
call    7 never executed
    $$$$$:  146-block  4
    #####:  147:            break;
        -:  148:        }
    #####:  149:        p = p->next;
    %%%%%:  149-block  0
        -:  150:    }
        -:  151:    while (true){
        -:  152:        cout<<"Что сделать с данными? \n1 - изменить данные ФИО\n2 - изменить номер группы\n3 - исправить оценки за семестр"
    #####:  153:              "\n4 - изменить размер стипендии\n5 - удалить студента из списка\n0 - Выйти  из режима редактирования"<<endl;
    %%%%%:  153-block  0
call    0 never executed
branch  1 never executed
branch  2 never executed
    %%%%%:  153-block  1
call    3 never executed
branch  4 never executed
branch  5 never executed
    #####:  154:        cin>>choice;
    %%%%%:  154-block  0
call    0 never executed
branch  1 never executed
branch  2 never executed
    #####:  155:        if (choice == 1) {
    %%%%%:  155-block  0
branch  0 never executed
branch  1 never executed
    #####:  156:            cout << "Введите новые ФИО студента: " << endl;
    %%%%%:  156-block  0
call    0 never executed
branch  1 never executed
branch  2 never executed
    %%%%%:  156-block  1
call    3 never executed
branch  4 never executed
branch  5 never executed
    #####:  157:            full_name = make_name();
    %%%%%:  157-block  0
call    0 never executed
branch  1 never executed
branch  2 never executed
    %%%%%:  157-block  1
call    3 never executed
call    4 never executed
    #####:  158:            p->SNP = full_name;
call    0 never executed
branch  1 never executed
branch  2 never executed
        -:  159:        }
    #####:  160:        if (choice == 2){
    %%%%%:  160-block  0
branch  0 never executed
branch  1 never executed
    #####:  161:            cout << "Введите новый номер группы студента: " << endl;
    %%%%%:  161-block  0
call    0 never executed
branch  1 never executed
branch  2 never executed
    %%%%%:  161-block  1
call    3 never executed
branch  4 never executed
branch  5 never executed
    #####:  162:            cin >> group;
    %%%%%:  162-block  0
call    0 never executed
branch  1 never executed
branch  2 never executed
    #####:  163:            p->group = group;
    %%%%%:  163-block  0
        -:  164:        }
    #####:  165:        if (choice == 3){
    %%%%%:  165-block  0
branch  0 never executed
branch  1 never executed
    #####:  166:            cout << "Введите заново полный список оценок: " << endl;
    %%%%%:  166-block  0
call    0 never executed
branch  1 never executed
branch  2 never executed
    %%%%%:  166-block  1
call    3 never executed
branch  4 never executed
branch  5 never executed
    #####:  167:            for (int i =0; i<5;i++){
    %%%%%:  167-block  0
    %%%%%:  167-block  1
    %%%%%:  167-block  2
branch  0 never executed
branch  1 never executed
    #####:  168:                cin>>p->marks[i] ;
    %%%%%:  168-block  0
call    0 never executed
branch  1 never executed
branch  2 never executed
        -:  169:            }
        -:  170:        }
    #####:  171:        if (choice == 4){
    %%%%%:  171-block  0
branch  0 never executed
branch  1 never executed
    #####:  172:            cout << "Введите новый размер стипендии: " << endl;
    %%%%%:  172-block  0
call    0 never executed
branch  1 never executed
branch  2 never executed
    %%%%%:  172-block  1
call    3 never executed
branch  4 never executed
branch  5 never executed
    #####:  173:            cin >> grant;
    %%%%%:  173-block  0
call    0 never executed
branch  1 never executed
branch  2 never executed
    #####:  174:            p->grant = grant;
    %%%%%:  174-block  0
        -:  175:        }
    #####:  176:        if (choice == 5){
    %%%%%:  176-block  0
branch  0 never executed
branch  1 never executed
    #####:  177:            del_student(p);
    %%%%%:  177-block  0
call    0 never executed
    #####:  178:            cout<<"Студент удален из списка!"<<endl;
call    0 never executed
branch  1 never executed
branch  2 never executed
    %%%%%:  178-block  0
call    3 never executed
branch  4 never executed
branch  5 never executed
        -:  179:        }
    #####:  180:        if (choice == 0){
    %%%%%:  180-block  0
branch  0 never executed
branch  1 never executed
    #####:  181:            break;
    %%%%%:  181-block  0
        -:  182:        }
        -:  183:
    #####:  184:    }
    %%%%%:  184-block  0
    #####:  185:    console_output(Top);
    %%%%%:  185-block  0
call    0 never executed
branch  1 never executed
branch  2 never executed
        -:  186:
    #####:  187:    return 0;
    #####:  188:}
    %%%%%:  188-block  0
call    0 never executed
call    1 never executed
    $$$$$:  188-block  1
call    2 never executed
    $$$$$:  188-block  2
call    3 never executed
